<?xml version="1.0" encoding="UTF-8"?>
<testsuite name="com.example.microservice1.MicroserviceApplicationTests" tests="2" skipped="0" failures="0" errors="0" timestamp="2024-09-01T01:00:00" hostname="DESKTOP-SAPMB8E" time="0.047">
  <properties/>
  <testcase name="testSendMessage()" classname="com.example.microservice1.MicroserviceApplicationTests" time="0.036"/>
  <testcase name="testReceiveMessage()" classname="com.example.microservice1.MicroserviceApplicationTests" time="0.009"/>
  <system-out><![CDATA[20:59:56.760 [Test worker] DEBUG org.springframework.test.context.BootstrapUtils - Instantiating CacheAwareContextLoaderDelegate from class [org.springframework.test.context.cache.DefaultCacheAwareContextLoaderDelegate]
20:59:56.768 [Test worker] DEBUG org.springframework.test.context.BootstrapUtils - Instantiating BootstrapContext using constructor [public org.springframework.test.context.support.DefaultBootstrapContext(java.lang.Class,org.springframework.test.context.CacheAwareContextLoaderDelegate)]
20:59:56.800 [Test worker] DEBUG org.springframework.test.context.BootstrapUtils - Instantiating TestContextBootstrapper for test class [com.example.microservice1.MicroserviceApplicationTests] from class [org.springframework.boot.test.context.SpringBootTestContextBootstrapper]
20:59:56.809 [Test worker] INFO org.springframework.boot.test.context.SpringBootTestContextBootstrapper - Neither @ContextConfiguration nor @ContextHierarchy found for test class [com.example.microservice1.MicroserviceApplicationTests], using SpringBootContextLoader
20:59:56.813 [Test worker] DEBUG org.springframework.test.context.support.AbstractContextLoader - Did not detect default resource location for test class [com.example.microservice1.MicroserviceApplicationTests]: class path resource [com/example/microservice1/MicroserviceApplicationTests-context.xml] does not exist
20:59:56.813 [Test worker] DEBUG org.springframework.test.context.support.AbstractContextLoader - Did not detect default resource location for test class [com.example.microservice1.MicroserviceApplicationTests]: class path resource [com/example/microservice1/MicroserviceApplicationTestsContext.groovy] does not exist
20:59:56.813 [Test worker] INFO org.springframework.test.context.support.AbstractContextLoader - Could not detect default resource locations for test class [com.example.microservice1.MicroserviceApplicationTests]: no resource found for suffixes {-context.xml, Context.groovy}.
20:59:56.814 [Test worker] INFO org.springframework.test.context.support.AnnotationConfigContextLoaderUtils - Could not detect default configuration classes for test class [com.example.microservice1.MicroserviceApplicationTests]: MicroserviceApplicationTests does not declare any static, non-private, non-final, nested classes annotated with @Configuration.
20:59:56.930 [Test worker] DEBUG org.springframework.context.annotation.ClassPathScanningCandidateComponentProvider - Identified candidate component class: file [/home/drivera/ping-pong/m1-spring-boot/build/classes/java/main/com/example/microservice1/MicroserviceApplication.class]
20:59:56.930 [Test worker] INFO org.springframework.boot.test.context.SpringBootTestContextBootstrapper - Found @SpringBootConfiguration com.example.microservice1.MicroserviceApplication for test class com.example.microservice1.MicroserviceApplicationTests
20:59:57.013 [Test worker] DEBUG org.springframework.boot.test.context.SpringBootTestContextBootstrapper - @TestExecutionListeners is not present for class [com.example.microservice1.MicroserviceApplicationTests]: using defaults.
20:59:57.013 [Test worker] INFO org.springframework.boot.test.context.SpringBootTestContextBootstrapper - Loaded default TestExecutionListener class names from location [META-INF/spring.factories]: [org.springframework.boot.test.autoconfigure.restdocs.RestDocsTestExecutionListener, org.springframework.boot.test.autoconfigure.web.client.MockRestServiceServerResetTestExecutionListener, org.springframework.boot.test.autoconfigure.web.servlet.MockMvcPrintOnlyOnFailureTestExecutionListener, org.springframework.boot.test.autoconfigure.web.servlet.WebDriverTestExecutionListener, org.springframework.boot.test.autoconfigure.webservices.client.MockWebServiceServerTestExecutionListener, org.springframework.boot.test.mock.mockito.MockitoTestExecutionListener, org.springframework.boot.test.mock.mockito.ResetMocksTestExecutionListener, org.springframework.test.context.web.ServletTestExecutionListener, org.springframework.test.context.support.DirtiesContextBeforeModesTestExecutionListener, org.springframework.test.context.event.ApplicationEventsTestExecutionListener, org.springframework.test.context.support.DependencyInjectionTestExecutionListener, org.springframework.test.context.support.DirtiesContextTestExecutionListener, org.springframework.test.context.transaction.TransactionalTestExecutionListener, org.springframework.test.context.jdbc.SqlScriptsTestExecutionListener, org.springframework.test.context.event.EventPublishingTestExecutionListener]
20:59:57.027 [Test worker] INFO org.springframework.boot.test.context.SpringBootTestContextBootstrapper - Using TestExecutionListeners: [org.springframework.test.context.web.ServletTestExecutionListener@592f0780, org.springframework.test.context.support.DirtiesContextBeforeModesTestExecutionListener@214e7e20, org.springframework.test.context.event.ApplicationEventsTestExecutionListener@62c00408, org.springframework.boot.test.mock.mockito.MockitoTestExecutionListener@4e5f2898, org.springframework.boot.test.autoconfigure.SpringBootDependencyInjectionTestExecutionListener@6fed35d4, org.springframework.test.context.support.DirtiesContextTestExecutionListener@3d00e977, org.springframework.test.context.transaction.TransactionalTestExecutionListener@5f825a9b, org.springframework.test.context.jdbc.SqlScriptsTestExecutionListener@682eb21b, org.springframework.test.context.event.EventPublishingTestExecutionListener@6eeb695f, org.springframework.boot.test.autoconfigure.restdocs.RestDocsTestExecutionListener@541a6ea4, org.springframework.boot.test.autoconfigure.web.client.MockRestServiceServerResetTestExecutionListener@1981b03e, org.springframework.boot.test.autoconfigure.web.servlet.MockMvcPrintOnlyOnFailureTestExecutionListener@422777f, org.springframework.boot.test.autoconfigure.web.servlet.WebDriverTestExecutionListener@31365735, org.springframework.boot.test.autoconfigure.webservices.client.MockWebServiceServerTestExecutionListener@36de70f9, org.springframework.boot.test.mock.mockito.ResetMocksTestExecutionListener@224a265c]
20:59:57.031 [Test worker] DEBUG org.springframework.test.context.support.AbstractDirtiesContextTestExecutionListener - Before test class: context [DefaultTestContext@6f613d15 testClass = MicroserviceApplicationTests, testInstance = [null], testMethod = [null], testException = [null], mergedContextConfiguration = [WebMergedContextConfiguration@60a7b8e testClass = MicroserviceApplicationTests, locations = '{}', classes = '{class com.example.microservice1.MicroserviceApplication}', contextInitializerClasses = '[]', activeProfiles = '{test}', propertySourceLocations = '{}', propertySourceProperties = '{org.springframework.boot.test.context.SpringBootTestContextBootstrapper=true}', contextCustomizers = set[org.springframework.boot.test.autoconfigure.actuate.metrics.MetricsExportContextCustomizerFactory$DisableMetricExportContextCustomizer@11895372, org.springframework.boot.test.autoconfigure.properties.PropertyMappingContextCustomizer@4b3fa0b3, org.springframework.boot.test.autoconfigure.web.servlet.WebDriverContextCustomizerFactory$Customizer@384d076f, [ImportsContextCustomizer@45aec193 key = [org.springframework.boot.test.autoconfigure.web.servlet.MockMvcAutoConfiguration, org.springframework.boot.test.autoconfigure.web.servlet.MockMvcWebClientAutoConfiguration, org.springframework.boot.test.autoconfigure.web.servlet.MockMvcWebDriverAutoConfiguration, org.springframework.boot.autoconfigure.security.oauth2.client.servlet.OAuth2ClientAutoConfiguration, org.springframework.boot.autoconfigure.security.oauth2.resource.servlet.OAuth2ResourceServerAutoConfiguration, org.springframework.boot.autoconfigure.security.servlet.SecurityAutoConfiguration, org.springframework.boot.autoconfigure.security.servlet.SecurityFilterAutoConfiguration, org.springframework.boot.autoconfigure.security.servlet.UserDetailsServiceAutoConfiguration, org.springframework.boot.test.autoconfigure.web.servlet.MockMvcSecurityConfiguration, org.springframework.boot.test.autoconfigure.web.reactive.WebTestClientAutoConfiguration]], org.springframework.boot.test.context.filter.ExcludeFilterContextCustomizer@5c09c40f, org.springframework.boot.test.json.DuplicateJsonObjectContextCustomizerFactory$DuplicateJsonObjectContextCustomizer@66cc1f27, org.springframework.boot.test.mock.mockito.MockitoContextCustomizer@10ae0fd0, org.springframework.boot.test.web.client.TestRestTemplateContextCustomizer@3a3d5650, org.springframework.boot.test.context.SpringBootTestArgs@1, org.springframework.boot.test.context.SpringBootTestWebEnvironment@7c1c313a], resourceBasePath = 'src/main/webapp', contextLoader = 'org.springframework.boot.test.context.SpringBootContextLoader', parent = [null]], attributes = map['org.springframework.test.context.web.ServletTestExecutionListener.activateListener' -> true]], class annotated with @DirtiesContext [false] with mode [null].

  .   ____          _            __ _ _
 /\\ / ___'_ __ _ _(_)_ __  __ _ \ \ \ \
( ( )\___ | '_ | '_| | '_ \/ _` | \ \ \ \
 \\/  ___)| |_)| | | | | || (_| |  ) ) ) )
  '  |____| .__|_| |_|_| |_\__, | / / / /
 =========|_|==============|___/=/_/_/_/
 :: Spring Boot ::                (v2.7.9)

2024-08-31 20:59:57.329  INFO 170393 --- [    Test worker] c.e.m.MicroserviceApplicationTests       : Starting MicroserviceApplicationTests using Java 1.8.0_422 on DESKTOP-SAPMB8E with PID 170393 (started by drivera in /home/drivera/ping-pong/m1-spring-boot)
2024-08-31 20:59:57.330  INFO 170393 --- [    Test worker] c.e.m.MicroserviceApplicationTests       : The following 1 profile is active: "test"
2024-08-31 21:00:00.499  INFO 170393 --- [    Test worker] o.s.b.t.m.w.SpringBootMockServletContext : Initializing Spring TestDispatcherServlet ''
2024-08-31 21:00:00.500  INFO 170393 --- [    Test worker] o.s.t.web.servlet.TestDispatcherServlet  : Initializing Servlet ''
2024-08-31 21:00:00.509  INFO 170393 --- [    Test worker] o.s.b.a.e.web.EndpointLinksResolver      : Exposing 1 endpoint(s) beneath base path '/actuator'
2024-08-31 21:00:00.535  INFO 170393 --- [    Test worker] o.s.t.web.servlet.TestDispatcherServlet  : Completed initialization in 35 ms
2024-08-31 21:00:00.587  INFO 170393 --- [    Test worker] c.e.m.MicroserviceApplicationTests       : Started MicroserviceApplicationTests in 3.526 seconds (JVM running for 4.483)
Skipping startMessaging in test environment.
]]></system-out>
  <system-err><![CDATA[]]></system-err>
</testsuite>
